<?xml version="1.0" encoding="UTF-8"?>
<testng-results ignored="1" total="3" passed="2" failed="0" skipped="0">
  <reporter-output>
  </reporter-output>
  <suite started-at="2022-08-13T16:37:01 EDT" name="Default suite" finished-at="2022-08-13T16:37:19 EDT" duration-ms="17512">
    <groups>
    </groups>
    <test started-at="2022-08-13T16:37:01 EDT" name="Default test" finished-at="2022-08-13T16:37:19 EDT" duration-ms="17512">
      <class name="Testng_package.NewTest">
        <test-method signature="openingAmazonSite()[pri:0, instance:Testng_package.NewTest@4f67eb2a]" started-at="2022-08-13T16:37:01 EDT" name="openingAmazonSite" finished-at="2022-08-13T16:37:11 EDT" duration-ms="9328" status="PASS">
          <reporter-output>
          </reporter-output>
        </test-method> <!-- openingAmazonSite -->
        <test-method signature="openingYahooSite()[pri:0, instance:Testng_package.NewTest@4f67eb2a]" started-at="2022-08-13T16:37:11 EDT" name="openingYahooSite" finished-at="2022-08-13T16:37:19 EDT" duration-ms="8111" status="PASS">
          <reporter-output>
          </reporter-output>
        </test-method> <!-- openingYahooSite -->
      </class> <!-- Testng_package.NewTest -->
    </test> <!-- Default test -->
  </suite> <!-- Default suite -->
</testng-results>
