<?xml version="1.0" encoding="UTF-8"?>
<!-- Generated by org.testng.reporters.JUnitXMLReporter -->
<testsuite ignored="1" hostname="DESKTOP-H8U1H3U" failures="0" tests="2" name="Default test" time="17.512" errors="0" timestamp="2022-08-13T16:37:19 EDT">
  <testcase classname="Testng_package.NewTest" name="openingAmazonSite" time="9.328"/>
  <testcase classname="Testng_package.NewTest" name="openingYahooSite" time="8.111"/>
  <testcase classname="Testng_package.NewTest" name="openingCnbcSite" time="0.0">
    <ignored/>
  </testcase> <!-- openingCnbcSite -->
</testsuite> <!-- Default test -->
